Arguments: 
  C:\Program Files\nodejs\node.exe C:\Program Files (x86)\Yarn\bin\yarn.js

PATH: 
  C:\ProgramData\Oracle\Java\javapath;C:\WINDOWS\system32;C:\WINDOWS;C:\WINDOWS\System32\Wbem;C:\WINDOWS\System32\WindowsPowerShell\v1.0\;C:\Program Files\MySQL\MySQL Utilities 1.6\;C:\Program Files\Microsoft SQL Server\130\Tools\Binn\;C:\Program Files (x86)\Windows Kits\8.1\Windows Performance Toolkit\;C:\Program Files (x86)\QuickTime\QTSystem\;C:\Program Files (x86)\Brackets\command;C:\Program Files\nodejs\;C:\Program Files\Git\cmd;C:\Program Files\TortoiseGit\bin;C:\Program Files (x86)\Yarn\bin;C:\Python27;C:\Users\jujus\AppData\Local\Microsoft\WindowsApps;C:\Program Files\Microsoft VS Code\bin;C:\Users\jujus\AppData\Roaming\npm;C:\Users\jujus\AppData\Local\Android\sdk\platform-tools;C:\Program Files (x86)\git\cmd;C:\Users\jujus\AppData\Local\GitHubDesktop\bin;C:\Users\jujus\AppData\Local\Yarn\bin

Yarn version: 
  1.3.2

Node version: 
  6.11.2

Platform: 
  win32 x64

npm manifest: 
  {
    "name": "reactnativestarterproject",
    "version": "0.0.0",
    "description": "Hello Expo!",
    "author": "Dan Grissom",
    "private": true,
    "main": "node_modules/expo/AppEntry.js",
    "dependencies": {
      "axios": "^0.16.2",
      "expo": "^22.0.0",
      "firebase": "^4.3.0",
      "lodash": "^4.17.4",
      "qs": "^6.5.0",
      "react": "16.0.0-beta.5",
      "react-native": "https://github.com/expo/react-native/archive/sdk-22.0.1.tar.gz",
      "react-native-communications": "^2.2.1",
      "react-native-elements": "^0.16.0",
      "react-native-vector-icons": "^4.4.2",
      "react-navigation": "^1.0.0-beta.11",
      "react-redux": "^5.0.6",
      "redux": "^3.7.2",
      "redux-persist": "^4.8.3",
      "redux-thunk": "^2.2.0"
    },
    "devDependencies": {
      "eslint": "^4.9.0",
      "eslint-config-rallycoding": "^3.2.0"
    }
  }

yarn manifest: 
  No manifest

Lockfile: 
  No lockfile

Trace: 
  Error: EPERM: operation not permitted, unlink 'C:\Users\jujus\Desktop\CS495\Expo\Projects\Club-App\node_modules\acorn\bin'
      at Error (native)
